<?xml version="1.0" encoding="UTF-8"?>
<!-- Generated by org.testng.reporters.JUnitReportReporter -->
<testsuite hostname="GAL000485" failures="0" tests="6" name="com.project.testcases.HomePageTest" time="10.831" errors="0" timestamp="2021-11-21T19:47:10 IST" skipped="0">
  <testcase classname="com.project.testcases.HomePageTest" name="pageTitle" time="0.251"/>
  <system-out/>
  <testcase classname="com.project.testcases.HomePageTest" name="brandTitleCheck" time="0.059"/>
  <system-out/>
  <testcase classname="com.project.testcases.HomePageTest" name="smartPhoneScroll" time="0.304"/>
  <system-out/>
  <testcase classname="com.project.testcases.HomePageTest" name="laptopScroll" time="0.079"/>
  <system-out/>
  <testcase classname="com.project.testcases.HomePageTest" name="facebookDirect" time="9.523"/>
  <system-out/>
  <testcase classname="com.project.testcases.HomePageTest" name="linkedinDirect" time="0.615"/>
  <system-out/>
</testsuite> <!-- com.project.testcases.HomePageTest -->
