<?xml version="1.0" encoding="UTF-8"?>
<!-- Generated by org.testng.reporters.JUnitReportReporter -->
<testsuite hostname="GAL000485" failures="0" tests="3" name="com.project.testcases.SearchTest" time="1.632" errors="0" timestamp="2021-11-22T12:12:11 IST" skipped="0">
  <testcase classname="com.project.testcases.SearchTest" name="SearchValidTest" time="0.914"/>
  <system-out/>
  <testcase classname="com.project.testcases.SearchTest" name="SearchPartialTest" time="0.478"/>
  <system-out/>
  <testcase classname="com.project.testcases.SearchTest" name="SearchInvalidTest" time="0.240"/>
  <system-out/>
</testsuite> <!-- com.project.testcases.SearchTest -->
