<?xml version="1.0" encoding="UTF-8"?>
<!-- Generated by org.testng.reporters.JUnitReportReporter -->
<testsuite hostname="GAL000485" failures="0" tests="2" name="com.project.testcases.MyCartAddressTest" time="1.517" errors="0" timestamp="2021-11-22T12:12:11 IST" skipped="0">
  <testcase classname="com.project.testcases.MyCartAddressTest" name="billingAddUpdation" time="1.008"/>
  <system-out/>
  <testcase classname="com.project.testcases.MyCartAddressTest" name="shippingAddUpdation" time="0.509"/>
  <system-out/>
</testsuite> <!-- com.project.testcases.MyCartAddressTest -->
