<?xml version="1.0" encoding="UTF-8"?>
<!-- Generated by org.testng.reporters.JUnitReportReporter -->
<testsuite hostname="GAL000485" failures="0" tests="4" name="com.project.testcases.ElectronicsTest" time="0.778" errors="0" timestamp="2021-11-22T12:12:11 IST" skipped="0">
  <testcase classname="com.project.testcases.ElectronicsTest" name="elecCatAccess" time="0.330"/>
  <system-out/>
  <testcase classname="com.project.testcases.ElectronicsTest" name="elecMobilesAccess" time="0.199"/>
  <system-out/>
  <testcase classname="com.project.testcases.ElectronicsTest" name="prodImagePresent" time="0.060"/>
  <system-out/>
  <testcase classname="com.project.testcases.ElectronicsTest" name="addToWishlist" time="0.189"/>
  <system-out/>
</testsuite> <!-- com.project.testcases.ElectronicsTest -->
