<?xml version="1.0" encoding="UTF-8"?>
<!-- Generated by org.testng.reporters.JUnitReportReporter -->
<testsuite hostname="GAL000485" failures="0" tests="2" name="com.project.testcases.RegistrationPageTest" time="1.049" errors="0" timestamp="2021-11-21T09:44:01 IST" skipped="0">
  <testcase classname="com.project.testcases.RegistrationPageTest" name="registration" time="0.638"/>
  <system-out/>
  <testcase classname="com.project.testcases.RegistrationPageTest" name="reRegistration" time="0.411"/>
  <system-out/>
</testsuite> <!-- com.project.testcases.RegistrationPageTest -->
