<?xml version="1.0" encoding="UTF-8"?>
<!-- Generated by org.testng.reporters.JUnitReportReporter -->
<testsuite hostname="GAL000485" failures="0" tests="2" name="com.project.testcases.RegistrationTest" time="1.049" errors="0" timestamp="2021-11-22T12:12:11 IST" skipped="0">
  <testcase classname="com.project.testcases.RegistrationTest" name="registration" time="0.610"/>
  <system-out/>
  <testcase classname="com.project.testcases.RegistrationTest" name="reRegistration" time="0.439"/>
  <system-out/>
</testsuite> <!-- com.project.testcases.RegistrationTest -->
