<?xml version="1.0" encoding="UTF-8"?>
<!-- Generated by org.testng.reporters.JUnitReportReporter -->
<testsuite hostname="GAL000485" failures="0" tests="3" name="com.project.testcases.SearchTest" time="2.798" errors="0" timestamp="2021-11-22T18:43:22 IST" skipped="0">
  <testcase classname="com.project.testcases.SearchTest" name="SearchValidTest" time="1.940"/>
  <system-out/>
  <testcase classname="com.project.testcases.SearchTest" name="SearchPartialTest" time="0.553"/>
  <system-out/>
  <testcase classname="com.project.testcases.SearchTest" name="SearchInvalidTest" time="0.305"/>
  <system-out/>
</testsuite> <!-- com.project.testcases.SearchTest -->
