<?xml version="1.0" encoding="UTF-8"?>
<!-- Generated by org.testng.reporters.JUnitReportReporter -->
<testsuite hostname="GAL000485" failures="0" tests="2" name="com.project.testcases.MyCartAddressTest" time="3.166" errors="0" timestamp="2021-11-22T18:43:22 IST" skipped="0">
  <testcase classname="com.project.testcases.MyCartAddressTest" name="billingAddUpdation" time="2.544"/>
  <system-out/>
  <testcase classname="com.project.testcases.MyCartAddressTest" name="shippingAddUpdation" time="0.622"/>
  <system-out/>
</testsuite> <!-- com.project.testcases.MyCartAddressTest -->
