<?xml version="1.0" encoding="UTF-8"?>
<!-- Generated by org.testng.reporters.JUnitReportReporter -->
<testsuite hostname="GAL000485" failures="0" tests="4" name="com.project.testcases.BooksTest" time="1.450" errors="0" timestamp="2021-11-22T18:43:22 IST" skipped="0">
  <testcase classname="com.project.testcases.BooksTest" name="booksCatAccess" time="1.065"/>
  <system-out/>
  <testcase classname="com.project.testcases.BooksTest" name="booksComicsAccess" time="0.203"/>
  <system-out/>
  <testcase classname="com.project.testcases.BooksTest" name="addBookToCart" time="0.167"/>
  <system-out/>
  <testcase classname="com.project.testcases.BooksTest" name="simpleAlert" time="0.015"/>
  <system-out/>
</testsuite> <!-- com.project.testcases.BooksTest -->
