<?xml version="1.0" encoding="UTF-8"?>
<!-- Generated by org.testng.reporters.JUnitReportReporter -->
<testsuite hostname="GAL000485" failures="0" tests="4" name="com.project.roughtest.WishlistTest" time="0.976" errors="0" timestamp="2021-11-22T10:07:54 IST" skipped="0">
  <testcase classname="com.project.roughtest.WishlistTest" name="wishlist_button" time="0.194"/>
  <system-out/>
  <testcase classname="com.project.roughtest.WishlistTest" name="clickOnProduct" time="0.425"/>
  <system-out/>
  <testcase classname="com.project.roughtest.WishlistTest" name="removeProduct" time="0.075"/>
  <system-out/>
  <testcase classname="com.project.roughtest.WishlistTest" name="addToCart" time="0.282"/>
  <system-out/>
</testsuite> <!-- com.project.roughtest.WishlistTest -->
