<?xml version="1.0" encoding="UTF-8"?>
<!-- Generated by org.testng.reporters.JUnitReportReporter -->
<testsuite hostname="GAL000485" failures="0" tests="3" name="com.project.testcases.TrackOrderTest" time="3.631" errors="0" timestamp="2021-11-22T18:43:22 IST" skipped="0">
  <testcase classname="com.project.testcases.TrackOrderTest" name="invalidEmail" time="1.774"/>
  <system-out/>
  <testcase classname="com.project.testcases.TrackOrderTest" name="loggedoutUser" time="0.508"/>
  <system-out/>
  <testcase classname="com.project.testcases.TrackOrderTest" name="trackingOrder" time="1.349"/>
  <system-out/>
</testsuite> <!-- com.project.testcases.TrackOrderTest -->
