<?xml version="1.0" encoding="UTF-8"?>
<!-- Generated by org.testng.reporters.JUnitReportReporter -->
<testsuite hostname="GAL000485" failures="0" tests="4" name="com.project.testcases.LoginPageTest" time="2.496" errors="0" timestamp="2021-11-21T09:42:13 IST" skipped="0">
  <testcase classname="com.project.testcases.LoginPageTest" name="loginWithValidCredentials" time="1.283"/>
  <system-out/>
  <testcase classname="com.project.testcases.LoginPageTest" name="loginWithInvalidUserid" time="0.410"/>
  <system-out/>
  <testcase classname="com.project.testcases.LoginPageTest" name="loginWithInvalidPassword" time="0.494"/>
  <system-out/>
  <testcase classname="com.project.testcases.LoginPageTest" name="loginWithInvalidUseridOrPassword" time="0.309"/>
  <system-out/>
</testsuite> <!-- com.project.testcases.LoginPageTest -->
