<?xml version="1.0" encoding="UTF-8"?>
<!-- Generated by org.testng.reporters.JUnitReportReporter -->
<testsuite hostname="GAL000485" failures="0" tests="3" name="com.project.roughtest.SearchTest" time="1.300" errors="0" timestamp="2021-11-22T09:57:59 IST" skipped="0">
  <testcase classname="com.project.roughtest.SearchTest" name="SearchValidTest" time="0.691"/>
  <system-out/>
  <testcase classname="com.project.roughtest.SearchTest" name="SearchPartialTest" time="0.390"/>
  <system-out/>
  <testcase classname="com.project.roughtest.SearchTest" name="SearchInvalidTest" time="0.219"/>
  <system-out/>
</testsuite> <!-- com.project.roughtest.SearchTest -->
