<?xml version="1.0" encoding="UTF-8"?>
<!-- Generated by org.testng.reporters.JUnitReportReporter -->
<testsuite hostname="GAL000485" failures="0" tests="4" name="com.project.testcases.LoginTest" time="2.523" errors="0" timestamp="2021-11-22T12:12:11 IST" skipped="0">
  <testcase classname="com.project.testcases.LoginTest" name="loginWithValidCredentials" time="1.157"/>
  <system-out/>
  <testcase classname="com.project.testcases.LoginTest" name="loginWithInvalidUserid" time="0.474"/>
  <system-out/>
  <testcase classname="com.project.testcases.LoginTest" name="loginWithInvalidPassword" time="0.523"/>
  <system-out/>
  <testcase classname="com.project.testcases.LoginTest" name="loginWithInvalidUseridOrPassword" time="0.369"/>
  <system-out/>
</testsuite> <!-- com.project.testcases.LoginTest -->
