<?xml version="1.0" encoding="UTF-8"?>
<!-- Generated by org.testng.reporters.JUnitReportReporter -->
<testsuite hostname="GAL000485" failures="0" tests="6" name="com.project.testcases.HomeTest" time="6.295" errors="0" timestamp="2021-11-22T12:12:11 IST" skipped="0">
  <testcase classname="com.project.testcases.HomeTest" name="pageTitle" time="0.234"/>
  <system-out/>
  <testcase classname="com.project.testcases.HomeTest" name="brandTitleCheck" time="0.060"/>
  <system-out/>
  <testcase classname="com.project.testcases.HomeTest" name="smartPhoneScroll" time="0.316"/>
  <system-out/>
  <testcase classname="com.project.testcases.HomeTest" name="laptopScroll" time="0.080"/>
  <system-out/>
  <testcase classname="com.project.testcases.HomeTest" name="facebookDirect" time="4.997"/>
  <system-out/>
  <testcase classname="com.project.testcases.HomeTest" name="linkedinDirect" time="0.608"/>
  <system-out/>
</testsuite> <!-- com.project.testcases.HomeTest -->
