<?xml version="1.0" encoding="UTF-8"?>
<!-- Generated by org.testng.reporters.JUnitReportReporter -->
<testsuite hostname="GAL000485" failures="0" tests="4" name="com.project.testcases.ElectronicsTest" time="2.050" errors="0" timestamp="2021-11-22T18:43:22 IST" skipped="0">
  <testcase classname="com.project.testcases.ElectronicsTest" name="elecCatAccess" time="1.587"/>
  <system-out/>
  <testcase classname="com.project.testcases.ElectronicsTest" name="elecMobilesAccess" time="0.200"/>
  <system-out/>
  <testcase classname="com.project.testcases.ElectronicsTest" name="prodImagePresent" time="0.078"/>
  <system-out/>
  <testcase classname="com.project.testcases.ElectronicsTest" name="addToWishlist" time="0.185"/>
  <system-out/>
</testsuite> <!-- com.project.testcases.ElectronicsTest -->
