<?xml version="1.0" encoding="UTF-8"?>
<!-- Generated by org.testng.reporters.JUnitReportReporter -->
<testsuite hostname="GAL000485" failures="0" tests="4" name="com.project.roughtest.FurniturePageTest" time="1.259" errors="0" timestamp="2021-11-22T10:01:17 IST" skipped="0">
  <testcase classname="com.project.roughtest.FurniturePageTest" name="FurnitureCatAccess" time="0.444"/>
  <system-out/>
  <testcase classname="com.project.roughtest.FurniturePageTest" name="FurnitureFootwearAccess" time="0.410"/>
  <system-out/>
  <testcase classname="com.project.roughtest.FurniturePageTest" name="checkProductRating" time="0.077"/>
  <system-out/>
  <testcase classname="com.project.roughtest.FurniturePageTest" name="bedsCatMouseHover" time="0.328"/>
  <system-out/>
</testsuite> <!-- com.project.roughtest.FurniturePageTest -->
