<?xml version="1.0" encoding="UTF-8"?>
<!-- Generated by org.testng.reporters.JUnitReportReporter -->
<testsuite hostname="GAL000485" failures="0" tests="4" name="com.project.testcases.FurnitureTest" time="1.192" errors="0" timestamp="2021-11-22T12:12:11 IST" skipped="0">
  <testcase classname="com.project.testcases.FurnitureTest" name="furnitureCatAccess" time="0.383"/>
  <system-out/>
  <testcase classname="com.project.testcases.FurnitureTest" name="furnitureBedAccess" time="0.250"/>
  <system-out/>
  <testcase classname="com.project.testcases.FurnitureTest" name="checkProductRating" time="0.088"/>
  <system-out/>
  <testcase classname="com.project.testcases.FurnitureTest" name="bedsCatMouseHover" time="0.471"/>
  <system-out/>
</testsuite> <!-- com.project.testcases.FurnitureTest -->
