<?xml version="1.0" encoding="UTF-8"?>
<!-- Generated by org.testng.reporters.JUnitReportReporter -->
<testsuite hostname="GAL000485" failures="0" tests="5" name="com.project.testcases.MyCartTest" time="3.226" errors="0" timestamp="2021-11-22T18:43:22 IST" skipped="0">
  <testcase classname="com.project.testcases.MyCartTest" name="AddToCart" time="1.081"/>
  <system-out/>
  <testcase classname="com.project.testcases.MyCartTest" name="quantityUpdate" time="0.308"/>
  <system-out/>
  <testcase classname="com.project.testcases.MyCartTest" name="textTitleButtonVerification" time="0.393"/>
  <system-out/>
  <testcase classname="com.project.testcases.MyCartTest" name="descriptionCheck" time="0.546"/>
  <system-out/>
  <testcase classname="com.project.testcases.MyCartTest" name="reviewCheck" time="0.898"/>
  <system-out/>
</testsuite> <!-- com.project.testcases.MyCartTest -->
