<?xml version="1.0" encoding="UTF-8"?>
<!-- Generated by org.testng.reporters.JUnitReportReporter -->
<testsuite hostname="GAL000485" failures="0" tests="4" name="com.project.testcases.LoginTest" time="5.163" errors="0" timestamp="2021-11-22T18:43:22 IST" skipped="0">
  <testcase classname="com.project.testcases.LoginTest" name="loginWithValidCredentials" time="3.684"/>
  <system-out/>
  <testcase classname="com.project.testcases.LoginTest" name="loginWithInvalidUserid" time="0.450"/>
  <system-out/>
  <testcase classname="com.project.testcases.LoginTest" name="loginWithInvalidPassword" time="0.590"/>
  <system-out/>
  <testcase classname="com.project.testcases.LoginTest" name="loginWithInvalidUseridOrPassword" time="0.439"/>
  <system-out/>
</testsuite> <!-- com.project.testcases.LoginTest -->
