<?xml version="1.0" encoding="UTF-8"?>
<!-- Generated by org.testng.reporters.JUnitReportReporter -->
<testsuite hostname="GAL000485" failures="0" tests="4" name="com.project.testcases.WishlistTest" time="0.936" errors="0" timestamp="2021-11-22T12:12:11 IST" skipped="0">
  <testcase classname="com.project.testcases.WishlistTest" name="wishlist_button" time="0.168"/>
  <system-out/>
  <testcase classname="com.project.testcases.WishlistTest" name="clickOnProduct" time="0.476"/>
  <system-out/>
  <testcase classname="com.project.testcases.WishlistTest" name="removeProduct" time="0.056"/>
  <system-out/>
  <testcase classname="com.project.testcases.WishlistTest" name="addToCart" time="0.236"/>
  <system-out/>
</testsuite> <!-- com.project.testcases.WishlistTest -->
