<?xml version="1.0" encoding="UTF-8"?>
<!-- Generated by org.testng.reporters.JUnitReportReporter -->
<testsuite hostname="GAL000485" failures="0" tests="4" name="com.project.testcases.FashionTest" time="0.881" errors="0" timestamp="2021-11-22T18:43:22 IST" skipped="0">
  <testcase classname="com.project.testcases.FashionTest" name="fashionCatAccess" time="0.518"/>
  <system-out/>
  <testcase classname="com.project.testcases.FashionTest" name="fashionFootwearAccess" time="0.224"/>
  <system-out/>
  <testcase classname="com.project.testcases.FashionTest" name="checkProductRating" time="0.090"/>
  <system-out/>
  <testcase classname="com.project.testcases.FashionTest" name="checkMrp" time="0.049"/>
  <system-out/>
</testsuite> <!-- com.project.testcases.FashionTest -->
