<?xml version="1.0" encoding="UTF-8"?>
<!-- Generated by org.testng.reporters.JUnitReportReporter -->
<testsuite hostname="GAL000485" failures="0" tests="4" name="com.project.testcases.WishlistTest" time="2.888" errors="0" timestamp="2021-11-22T18:43:22 IST" skipped="0">
  <testcase classname="com.project.testcases.WishlistTest" name="wishlist_button" time="0.188"/>
  <system-out/>
  <testcase classname="com.project.testcases.WishlistTest" name="clickOnProduct" time="2.309"/>
  <system-out/>
  <testcase classname="com.project.testcases.WishlistTest" name="removeProduct" time="0.064"/>
  <system-out/>
  <testcase classname="com.project.testcases.WishlistTest" name="addToCart" time="0.327"/>
  <system-out/>
</testsuite> <!-- com.project.testcases.WishlistTest -->
