<?xml version="1.0" encoding="UTF-8"?>
<!-- Generated by org.testng.reporters.JUnitReportReporter -->
<testsuite hostname="GAL000485" failures="0" tests="3" name="com.project.testcases.TrackOrderTest" time="2.304" errors="0" timestamp="2021-11-22T12:12:11 IST" skipped="0">
  <testcase classname="com.project.testcases.TrackOrderTest" name="invalidEmail" time="0.816"/>
  <system-out/>
  <testcase classname="com.project.testcases.TrackOrderTest" name="loggedoutUser" time="0.446"/>
  <system-out/>
  <testcase classname="com.project.testcases.TrackOrderTest" name="trackingOrder" time="1.042"/>
  <system-out/>
</testsuite> <!-- com.project.testcases.TrackOrderTest -->
