<?xml version="1.0" encoding="UTF-8"?>
<!-- Generated by org.testng.reporters.JUnitReportReporter -->
<testsuite hostname="GAL000485" failures="0" tests="4" name="com.project.roughtest.LoginPageTest" time="2.998" errors="0" timestamp="2021-11-22T10:04:49 IST" skipped="0">
  <testcase classname="com.project.roughtest.LoginPageTest" name="loginWithValidCredentials" time="1.624"/>
  <system-out/>
  <testcase classname="com.project.roughtest.LoginPageTest" name="loginWithInvalidUserid" time="0.537"/>
  <system-out/>
  <testcase classname="com.project.roughtest.LoginPageTest" name="loginWithInvalidPassword" time="0.475"/>
  <system-out/>
  <testcase classname="com.project.roughtest.LoginPageTest" name="loginWithInvalidUseridOrPassword" time="0.362"/>
  <system-out/>
</testsuite> <!-- com.project.roughtest.LoginPageTest -->
