<?xml version="1.0" encoding="UTF-8"?>
<!-- Generated by org.testng.reporters.JUnitReportReporter -->
<testsuite hostname="GAL000485" failures="0" tests="6" name="com.project.testcases.HomeTest" time="55.979" errors="0" timestamp="2021-11-22T18:43:22 IST" skipped="0">
  <testcase classname="com.project.testcases.HomeTest" name="pageTitle" time="0.256"/>
  <system-out/>
  <testcase classname="com.project.testcases.HomeTest" name="brandTitleCheck" time="0.060"/>
  <system-out/>
  <testcase classname="com.project.testcases.HomeTest" name="smartPhoneScroll" time="0.323"/>
  <system-out/>
  <testcase classname="com.project.testcases.HomeTest" name="laptopScroll" time="0.096"/>
  <system-out/>
  <testcase classname="com.project.testcases.HomeTest" name="facebookDirect" time="54.542"/>
  <system-out/>
  <testcase classname="com.project.testcases.HomeTest" name="linkedinDirect" time="0.702"/>
  <system-out/>
</testsuite> <!-- com.project.testcases.HomeTest -->
