<?xml version="1.0" encoding="UTF-8"?>
<!-- Generated by org.testng.reporters.JUnitReportReporter -->
<testsuite hostname="GAL000485" failures="0" tests="5" name="com.project.testcases.MyCartPageTest" time="2.974" errors="0" timestamp="2021-11-22T10:13:38 IST" skipped="0">
  <testcase classname="com.project.testcases.MyCartPageTest" name="AddToCart" time="0.511"/>
  <system-out/>
  <testcase classname="com.project.testcases.MyCartPageTest" name="quantityUpdate" time="0.292"/>
  <system-out/>
  <testcase classname="com.project.testcases.MyCartPageTest" name="textTitleButtonVerification" time="0.366"/>
  <system-out/>
  <testcase classname="com.project.testcases.MyCartPageTest" name="descriptionCheck" time="0.551"/>
  <system-out/>
  <testcase classname="com.project.testcases.MyCartPageTest" name="reviewCheck" time="1.254"/>
  <system-out/>
</testsuite> <!-- com.project.testcases.MyCartPageTest -->
