<?xml version="1.0" encoding="UTF-8"?>
<!-- Generated by org.testng.reporters.JUnitReportReporter -->
<testsuite hostname="GAL000485" failures="0" tests="4" name="com.project.testcases.CartHomePageTest" time="2.337" errors="0" timestamp="2021-11-21T16:52:08 IST" skipped="0">
  <testcase classname="com.project.testcases.CartHomePageTest" name="addToCart" time="0.612"/>
  <system-out/>
  <testcase classname="com.project.testcases.CartHomePageTest" name="myCartValue" time="0.205"/>
  <system-out/>
  <testcase classname="com.project.testcases.CartHomePageTest" name="dropDownDisplayed" time="0.037"/>
  <system-out/>
  <testcase classname="com.project.testcases.CartHomePageTest" name="myCartColourChange" time="1.483"/>
  <system-out/>
</testsuite> <!-- com.project.testcases.CartHomePageTest -->
