<?xml version="1.0" encoding="UTF-8"?>
<!-- Generated by org.testng.reporters.JUnitReportReporter -->
<testsuite hostname="GAL000485" failures="0" tests="4" name="com.project.testcases.FashionTest" time="0.659" errors="0" timestamp="2021-11-22T12:12:11 IST" skipped="0">
  <testcase classname="com.project.testcases.FashionTest" name="fashionCatAccess" time="0.382"/>
  <system-out/>
  <testcase classname="com.project.testcases.FashionTest" name="fashionFootwearAccess" time="0.157"/>
  <system-out/>
  <testcase classname="com.project.testcases.FashionTest" name="checkProductRating" time="0.075"/>
  <system-out/>
  <testcase classname="com.project.testcases.FashionTest" name="checkMrp" time="0.045"/>
  <system-out/>
</testsuite> <!-- com.project.testcases.FashionTest -->
