<?xml version="1.0" encoding="UTF-8"?>
<!-- Generated by org.testng.reporters.JUnitReportReporter -->
<testsuite hostname="GAL000485" failures="0" tests="4" name="com.project.testcases.BooksPageTest" time="0.736" errors="0" timestamp="2021-11-22T10:11:46 IST" skipped="0">
  <testcase classname="com.project.testcases.BooksPageTest" name="booksCatAccess" time="0.352"/>
  <system-out/>
  <testcase classname="com.project.testcases.BooksPageTest" name="booksComicsAccess" time="0.181"/>
  <system-out/>
  <testcase classname="com.project.testcases.BooksPageTest" name="addBookToCart" time="0.186"/>
  <system-out/>
  <testcase classname="com.project.testcases.BooksPageTest" name="simpleAlert" time="0.017"/>
  <system-out/>
</testsuite> <!-- com.project.testcases.BooksPageTest -->
