<?xml version="1.0" encoding="UTF-8"?>
<!-- Generated by org.testng.reporters.JUnitReportReporter -->
<testsuite hostname="GAL000485" failures="0" tests="5" name="com.project.testcases.MyCartTest" time="2.300" errors="0" timestamp="2021-11-22T12:12:11 IST" skipped="0">
  <testcase classname="com.project.testcases.MyCartTest" name="AddToCart" time="0.492"/>
  <system-out/>
  <testcase classname="com.project.testcases.MyCartTest" name="quantityUpdate" time="0.274"/>
  <system-out/>
  <testcase classname="com.project.testcases.MyCartTest" name="textTitleButtonVerification" time="0.341"/>
  <system-out/>
  <testcase classname="com.project.testcases.MyCartTest" name="descriptionCheck" time="0.448"/>
  <system-out/>
  <testcase classname="com.project.testcases.MyCartTest" name="reviewCheck" time="0.745"/>
  <system-out/>
</testsuite> <!-- com.project.testcases.MyCartTest -->
