<?xml version="1.0" encoding="UTF-8"?>
<!-- Generated by org.testng.reporters.JUnitReportReporter -->
<testsuite hostname="GAL000485" failures="0" tests="4" name="com.project.testcases.FurniturePageTest" time="3.008" errors="0" timestamp="2021-11-21T15:17:30 IST" skipped="0">
  <testcase classname="com.project.testcases.FurniturePageTest" name="FurnitureCatAccess" time="2.066"/>
  <system-out/>
  <testcase classname="com.project.testcases.FurniturePageTest" name="FurnitureFootwearAccess" time="0.180"/>
  <system-out/>
  <testcase classname="com.project.testcases.FurniturePageTest" name="checkProductRating" time="0.140"/>
  <system-out/>
  <testcase classname="com.project.testcases.FurniturePageTest" name="bedsCatMouseHover" time="0.622"/>
  <system-out/>
</testsuite> <!-- com.project.testcases.FurniturePageTest -->
