<?xml version="1.0" encoding="UTF-8"?>
<!-- Generated by org.testng.reporters.JUnitReportReporter -->
<testsuite hostname="GAL000485" failures="0" tests="4" name="com.project.roughtest.FashionPageTest" time="0.889" errors="0" timestamp="2021-11-22T10:00:45 IST" skipped="0">
  <testcase classname="com.project.roughtest.FashionPageTest" name="fashionCatAccess" time="0.481"/>
  <system-out/>
  <testcase classname="com.project.roughtest.FashionPageTest" name="fashionFootwearAccess" time="0.241"/>
  <system-out/>
  <testcase classname="com.project.roughtest.FashionPageTest" name="checkProductRating" time="0.092"/>
  <system-out/>
  <testcase classname="com.project.roughtest.FashionPageTest" name="checkMrp" time="0.075"/>
  <system-out/>
</testsuite> <!-- com.project.roughtest.FashionPageTest -->
