<?xml version="1.0" encoding="UTF-8"?>
<!-- Generated by org.testng.reporters.JUnitReportReporter -->
<testsuite hostname="GAL000485" failures="0" tests="4" name="com.project.testcases.CartHomeTest" time="2.489" errors="0" timestamp="2021-11-22T18:43:22 IST" skipped="0">
  <testcase classname="com.project.testcases.CartHomeTest" name="addToCart" time="1.379"/>
  <system-out/>
  <testcase classname="com.project.testcases.CartHomeTest" name="myCartValue" time="0.289"/>
  <system-out/>
  <testcase classname="com.project.testcases.CartHomeTest" name="dropDownDisplayed" time="0.042"/>
  <system-out/>
  <testcase classname="com.project.testcases.CartHomeTest" name="myCartColourChange" time="0.779"/>
  <system-out/>
</testsuite> <!-- com.project.testcases.CartHomeTest -->
