<?xml version="1.0" encoding="UTF-8"?>
<!-- Generated by org.testng.reporters.JUnitReportReporter -->
<testsuite hostname="GAL000485" failures="0" tests="4" name="com.project.testcases.BooksTest" time="1.525" errors="0" timestamp="2021-11-22T12:12:11 IST" skipped="0">
  <testcase classname="com.project.testcases.BooksTest" name="booksCatAccess" time="1.207"/>
  <system-out/>
  <testcase classname="com.project.testcases.BooksTest" name="booksComicsAccess" time="0.170"/>
  <system-out/>
  <testcase classname="com.project.testcases.BooksTest" name="addBookToCart" time="0.133"/>
  <system-out/>
  <testcase classname="com.project.testcases.BooksTest" name="simpleAlert" time="0.015"/>
  <system-out/>
</testsuite> <!-- com.project.testcases.BooksTest -->
