<?xml version="1.0" encoding="UTF-8"?>
<!-- Generated by org.testng.reporters.JUnitReportReporter -->
<testsuite hostname="GAL000485" failures="0" tests="2" name="com.project.roughtest.RegistrationPageTest" time="1.443" errors="0" timestamp="2021-11-22T10:06:02 IST" skipped="0">
  <testcase classname="com.project.roughtest.RegistrationPageTest" name="registration" time="0.855"/>
  <system-out/>
  <testcase classname="com.project.roughtest.RegistrationPageTest" name="reRegistration" time="0.588"/>
  <system-out/>
</testsuite> <!-- com.project.roughtest.RegistrationPageTest -->
