<?xml version="1.0" encoding="UTF-8"?>
<!-- Generated by org.testng.reporters.JUnitReportReporter -->
<testsuite hostname="GAL000485" failures="0" tests="4" name="com.project.testcases.FurnitureTest" time="1.654" errors="0" timestamp="2021-11-22T18:43:22 IST" skipped="0">
  <testcase classname="com.project.testcases.FurnitureTest" name="furnitureCatAccess" time="1.094"/>
  <system-out/>
  <testcase classname="com.project.testcases.FurnitureTest" name="furnitureBedAccess" time="0.169"/>
  <system-out/>
  <testcase classname="com.project.testcases.FurnitureTest" name="checkProductRating" time="0.065"/>
  <system-out/>
  <testcase classname="com.project.testcases.FurnitureTest" name="bedsCatMouseHover" time="0.326"/>
  <system-out/>
</testsuite> <!-- com.project.testcases.FurnitureTest -->
