<?xml version="1.0" encoding="UTF-8"?>
<!-- Generated by org.testng.reporters.JUnitReportReporter -->
<testsuite hostname="GAL000485" failures="0" tests="4" name="com.project.testcases.CartHomeTest" time="2.564" errors="0" timestamp="2021-11-22T12:12:11 IST" skipped="0">
  <testcase classname="com.project.testcases.CartHomeTest" name="addToCart" time="0.607"/>
  <system-out/>
  <testcase classname="com.project.testcases.CartHomeTest" name="myCartValue" time="0.240"/>
  <system-out/>
  <testcase classname="com.project.testcases.CartHomeTest" name="dropDownDisplayed" time="0.050"/>
  <system-out/>
  <testcase classname="com.project.testcases.CartHomeTest" name="myCartColourChange" time="1.667"/>
  <system-out/>
</testsuite> <!-- com.project.testcases.CartHomeTest -->
