<?xml version="1.0" encoding="UTF-8"?>
<!-- Generated by org.testng.reporters.JUnitReportReporter -->
<testsuite hostname="GAL000485" failures="0" tests="1" name="com.project.testcases.MyCartItemRemovalTest" time="5.408" errors="0" timestamp="2021-11-22T18:43:22 IST" skipped="0">
  <testcase classname="com.project.testcases.MyCartItemRemovalTest" name="removingItem" time="5.408"/>
  <system-out/>
</testsuite> <!-- com.project.testcases.MyCartItemRemovalTest -->
