<?xml version="1.0" encoding="UTF-8"?>
<!-- Generated by org.testng.reporters.JUnitReportReporter -->
<testsuite hostname="GAL000485" failures="0" tests="4" name="com.project.testcases.FashionPageTest" time="1.312" errors="0" timestamp="2021-11-20T16:11:32 IST" skipped="0">
  <testcase classname="com.project.testcases.FashionPageTest" name="fashionCatAccess" time="0.920"/>
  <system-out/>
  <testcase classname="com.project.testcases.FashionPageTest" name="fashionFootwearAccess" time="0.212"/>
  <system-out/>
  <testcase classname="com.project.testcases.FashionPageTest" name="checkProductRating" time="0.111"/>
  <system-out/>
  <testcase classname="com.project.testcases.FashionPageTest" name="checkMrp" time="0.069"/>
  <system-out/>
</testsuite> <!-- com.project.testcases.FashionPageTest -->
